<?xml version="1.0" encoding="UTF-8"?>
<testsuite name="com.som.streams.JavaStreamsApplicationTests" tests="1" skipped="0" failures="0" errors="0" timestamp="2024-06-01T16:13:19" hostname="Somnaths-MacBook-Pro.local" time="0.423">
  <properties/>
  <testcase name="contextLoads()" classname="com.som.streams.JavaStreamsApplicationTests" time="0.423"/>
  <system-out><![CDATA[21:43:19.040 [Test worker] INFO org.springframework.test.context.support.AnnotationConfigContextLoaderUtils -- Could not detect default configuration classes for test class [com.som.streams.JavaStreamsApplicationTests]: JavaStreamsApplicationTests does not declare any static, non-private, non-final, nested classes annotated with @Configuration.
21:43:19.082 [Test worker] INFO org.springframework.boot.test.context.SpringBootTestContextBootstrapper -- Found @SpringBootConfiguration com.som.streams.JavaStreamsApplication for test class com.som.streams.JavaStreamsApplicationTests
  .   ____          _            __ _ _
 /\\ / ___'_ __ _ _(_)_ __  __ _ \ \ \ \
( ( )\___ | '_ | '_| | '_ \/ _` | \ \ \ \
 \\/  ___)| |_)| | | | | || (_| |  ) ) ) )
  '  |____| .__|_| |_|_| |_\__, | / / / /
 =========|_|==============|___/=/_/_/_/

 :: Spring Boot ::                (v3.3.0)

2024-06-01T21:43:19.224+05:30  INFO 53106 --- [java-streams] [    Test worker] c.s.streams.JavaStreamsApplicationTests  : Starting JavaStreamsApplicationTests using Java 17.0.5 with PID 53106 (started by somnathmukherjee in /Users/somnathmukherjee/Documents/java-streams)
2024-06-01T21:43:19.225+05:30  INFO 53106 --- [java-streams] [    Test worker] c.s.streams.JavaStreamsApplicationTests  : No active profile set, falling back to 1 default profile: "default"
2024-06-01T21:43:19.660+05:30  INFO 53106 --- [java-streams] [    Test worker] c.s.streams.JavaStreamsApplicationTests  : Started JavaStreamsApplicationTests in 0.525 seconds (process running for 0.982)
]]></system-out>
  <system-err><![CDATA[]]></system-err>
</testsuite>
